<?xml version="1.0" encoding="UTF-8"?>
<testng-results ignored="0" total="2" passed="2" failed="0" skipped="0">
  <reporter-output>
  </reporter-output>
  <suite started-at="2023-09-05T20:56:48 IST" name="openCartSuite" finished-at="2023-09-05T20:57:22 IST" duration-ms="34787">
    <groups>
      <group name="Master">
        <method signature="TC_001_AccountRegistration.test_registration()[pri:0, instance:testCases.TC_001_AccountRegistration@2a798d51]" name="test_registration" class="testCases.TC_001_AccountRegistration"/>
        <method signature="TC_002_LoginTest.test_Login()[pri:0, instance:testCases.TC_002_LoginTest@222545dc]" name="test_Login" class="testCases.TC_002_LoginTest"/>
      </group> <!-- Master -->
      <group name="Sanity">
        <method signature="TC_002_LoginTest.test_Login()[pri:0, instance:testCases.TC_002_LoginTest@222545dc]" name="test_Login" class="testCases.TC_002_LoginTest"/>
      </group> <!-- Sanity -->
      <group name="Regression">
        <method signature="TC_001_AccountRegistration.test_registration()[pri:0, instance:testCases.TC_001_AccountRegistration@2a798d51]" name="test_registration" class="testCases.TC_001_AccountRegistration"/>
      </group> <!-- Regression -->
    </groups>
    <test started-at="2023-09-05T20:56:48 IST" name="openCartTest" finished-at="2023-09-05T20:57:22 IST" duration-ms="34787">
      <class name="testCases.TC_002_LoginTest">
        <test-method is-config="true" signature="setup(java.lang.String)[pri:0, instance:testCases.TC_002_LoginTest@222545dc]" started-at="2023-09-05T20:57:11 IST" name="setup" finished-at="2023-09-05T20:57:17 IST" duration-ms="6212" status="PASS">
          <params>
            <param index="0">
              <value>
                <![CDATA[chrome]]>
              </value>
            </param>
          </params>
          <reporter-output>
          </reporter-output>
        </test-method> <!-- setup -->
        <test-method signature="test_Login()[pri:0, instance:testCases.TC_002_LoginTest@222545dc]" started-at="2023-09-05T20:57:17 IST" name="test_Login" finished-at="2023-09-05T20:57:22 IST" duration-ms="4754" status="PASS">
          <reporter-output>
          </reporter-output>
        </test-method> <!-- test_Login -->
        <test-method is-config="true" signature="tearDown()[pri:0, instance:testCases.TC_002_LoginTest@222545dc]" started-at="2023-09-05T20:57:22 IST" name="tearDown" finished-at="2023-09-05T20:57:22 IST" duration-ms="267" status="PASS">
          <reporter-output>
          </reporter-output>
        </test-method> <!-- tearDown -->
      </class> <!-- testCases.TC_002_LoginTest -->
      <class name="testCases.TC_001_AccountRegistration">
        <test-method is-config="true" signature="setup(java.lang.String)[pri:0, instance:testCases.TC_001_AccountRegistration@2a798d51]" started-at="2023-09-05T20:56:48 IST" name="setup" finished-at="2023-09-05T20:57:05 IST" duration-ms="17240" status="PASS">
          <params>
            <param index="0">
              <value>
                <![CDATA[chrome]]>
              </value>
            </param>
          </params>
          <reporter-output>
          </reporter-output>
        </test-method> <!-- setup -->
        <test-method signature="test_registration()[pri:0, instance:testCases.TC_001_AccountRegistration@2a798d51]" started-at="2023-09-05T20:57:05 IST" name="test_registration" finished-at="2023-09-05T20:57:11 IST" duration-ms="5806" status="PASS">
          <reporter-output>
          </reporter-output>
        </test-method> <!-- test_registration -->
        <test-method is-config="true" signature="tearDown()[pri:0, instance:testCases.TC_001_AccountRegistration@2a798d51]" started-at="2023-09-05T20:57:11 IST" name="tearDown" finished-at="2023-09-05T20:57:11 IST" duration-ms="245" status="PASS">
          <reporter-output>
          </reporter-output>
        </test-method> <!-- tearDown -->
      </class> <!-- testCases.TC_001_AccountRegistration -->
    </test> <!-- openCartTest -->
  </suite> <!-- openCartSuite -->
</testng-results>
