<?xml version="1.0" encoding="UTF-8"?>
<testng-results ignored="0" total="2" passed="2" failed="0" skipped="0">
  <reporter-output>
  </reporter-output>
  <suite started-at="2023-09-04T23:00:09 IST" name="openCartSuite" finished-at="2023-09-04T23:00:55 IST" duration-ms="45131">
    <groups>
      <group name="Master">
        <method signature="TC_001_AccountRegistration.test_registration()[pri:0, instance:testCases.TC_001_AccountRegistration@f5958c9]" name="test_registration" class="testCases.TC_001_AccountRegistration"/>
        <method signature="TC_002_LoginTest.test_Login()[pri:0, instance:testCases.TC_002_LoginTest@3b0090a4]" name="test_Login" class="testCases.TC_002_LoginTest"/>
      </group> <!-- Master -->
      <group name="Sanity">
        <method signature="TC_002_LoginTest.test_Login()[pri:0, instance:testCases.TC_002_LoginTest@3b0090a4]" name="test_Login" class="testCases.TC_002_LoginTest"/>
      </group> <!-- Sanity -->
      <group name="Regression">
        <method signature="TC_001_AccountRegistration.test_registration()[pri:0, instance:testCases.TC_001_AccountRegistration@f5958c9]" name="test_registration" class="testCases.TC_001_AccountRegistration"/>
      </group> <!-- Regression -->
    </groups>
    <test started-at="2023-09-04T23:00:09 IST" name="openCartTest" finished-at="2023-09-04T23:00:55 IST" duration-ms="45131">
      <class name="testCases.TC_002_LoginTest">
        <test-method is-config="true" signature="setup(java.lang.String)[pri:0, instance:testCases.TC_002_LoginTest@3b0090a4]" started-at="2023-09-04T23:00:43 IST" name="setup" finished-at="2023-09-04T23:00:49 IST" duration-ms="6194" status="PASS">
          <params>
            <param index="0">
              <value>
                <![CDATA[chrome]]>
              </value>
            </param>
          </params>
          <reporter-output>
          </reporter-output>
        </test-method> <!-- setup -->
        <test-method signature="test_Login()[pri:0, instance:testCases.TC_002_LoginTest@3b0090a4]" started-at="2023-09-04T23:00:49 IST" name="test_Login" finished-at="2023-09-04T23:00:54 IST" duration-ms="5500" status="PASS">
          <reporter-output>
          </reporter-output>
        </test-method> <!-- test_Login -->
        <test-method is-config="true" signature="tearDown()[pri:0, instance:testCases.TC_002_LoginTest@3b0090a4]" started-at="2023-09-04T23:00:54 IST" name="tearDown" finished-at="2023-09-04T23:00:55 IST" duration-ms="259" status="PASS">
          <reporter-output>
          </reporter-output>
        </test-method> <!-- tearDown -->
      </class> <!-- testCases.TC_002_LoginTest -->
      <class name="testCases.TC_001_AccountRegistration">
        <test-method is-config="true" signature="setup(java.lang.String)[pri:0, instance:testCases.TC_001_AccountRegistration@f5958c9]" started-at="2023-09-04T23:00:10 IST" name="setup" finished-at="2023-09-04T23:00:33 IST" duration-ms="23457" status="PASS">
          <params>
            <param index="0">
              <value>
                <![CDATA[chrome]]>
              </value>
            </param>
          </params>
          <reporter-output>
          </reporter-output>
        </test-method> <!-- setup -->
        <test-method signature="test_registration()[pri:0, instance:testCases.TC_001_AccountRegistration@f5958c9]" started-at="2023-09-04T23:00:33 IST" name="test_registration" finished-at="2023-09-04T23:00:42 IST" duration-ms="9024" status="PASS">
          <reporter-output>
          </reporter-output>
        </test-method> <!-- test_registration -->
        <test-method is-config="true" signature="tearDown()[pri:0, instance:testCases.TC_001_AccountRegistration@f5958c9]" started-at="2023-09-04T23:00:42 IST" name="tearDown" finished-at="2023-09-04T23:00:43 IST" duration-ms="365" status="PASS">
          <reporter-output>
          </reporter-output>
        </test-method> <!-- tearDown -->
      </class> <!-- testCases.TC_001_AccountRegistration -->
    </test> <!-- openCartTest -->
  </suite> <!-- openCartSuite -->
</testng-results>
